<?xml version="1.0" encoding="UTF-8"?>
<!-- Generated by org.testng.reporters.JUnitReportReporter -->
<testsuite hostname="win2019" failures="0" tests="1" name="com.CSVFileReading.CSVRead" time="25.044" errors="0" timestamp="2024-08-22T23:04:55 PDT" skipped="0">
  <testcase classname="com.CSVFileReading.CSVRead" name="Example" time="25.044"/>
  <system-out/>
</testsuite> <!-- com.CSVFileReading.CSVRead -->
